[debug] [2025-07-07T18:53:36.203Z] ----------------------------------------------------------------------
[debug] [2025-07-07T18:53:36.205Z] Command:       /usr/local/bin/node /usr/local/bin/firebase deploy
[debug] [2025-07-07T18:53:36.205Z] CLI Version:   14.1.0
[debug] [2025-07-07T18:53:36.205Z] Platform:      darwin
[debug] [2025-07-07T18:53:36.205Z] Node Version:  v22.11.0
[debug] [2025-07-07T18:53:36.206Z] Time:          Mon Jul 07 2025 20:53:36 GMT+0200 (heure d’été d’Europe centrale)
[debug] [2025-07-07T18:53:36.206Z] ----------------------------------------------------------------------
[debug] 
[debug] [2025-07-07T18:53:36.315Z] > command requires scopes: ["email","openid","https://www.googleapis.com/auth/cloudplatformprojects.readonly","https://www.googleapis.com/auth/firebase","https://www.googleapis.com/auth/cloud-platform"]
[debug] [2025-07-07T18:53:36.315Z] > authorizing via signed-in user (storozhukua@gmail.com)
[debug] [2025-07-07T18:53:36.315Z] [iam] checking project ywp-crm for permissions ["firebase.projects.get","firebasehosting.sites.update"]
[debug] [2025-07-07T18:53:36.316Z] Checked if tokens are valid: false, expires at: 1751910277007
[debug] [2025-07-07T18:53:36.316Z] Checked if tokens are valid: false, expires at: 1751910277007
[debug] [2025-07-07T18:53:36.316Z] > refreshing access token with scopes: []
[debug] [2025-07-07T18:53:36.317Z] >>> [apiv2][query] POST https://www.googleapis.com/oauth2/v3/token [none]
[debug] [2025-07-07T18:53:36.317Z] >>> [apiv2][body] POST https://www.googleapis.com/oauth2/v3/token [omitted]
[debug] [2025-07-07T18:53:36.498Z] <<< [apiv2][status] POST https://www.googleapis.com/oauth2/v3/token 200
[debug] [2025-07-07T18:53:36.499Z] <<< [apiv2][body] POST https://www.googleapis.com/oauth2/v3/token [omitted]
[debug] [2025-07-07T18:53:36.511Z] >>> [apiv2][query] POST https://cloudresourcemanager.googleapis.com/v1/projects/ywp-crm:testIamPermissions [none]
[debug] [2025-07-07T18:53:36.511Z] >>> [apiv2][(partial)header] POST https://cloudresourcemanager.googleapis.com/v1/projects/ywp-crm:testIamPermissions x-goog-quota-user=projects/ywp-crm
[debug] [2025-07-07T18:53:36.511Z] >>> [apiv2][body] POST https://cloudresourcemanager.googleapis.com/v1/projects/ywp-crm:testIamPermissions {"permissions":["firebase.projects.get","firebasehosting.sites.update"]}
